2022.07.02 18:19:03 INFO  tracing is disabled for protocol LSP, to enable tracing of incoming and outgoing JSON messages create an empty file at d:\Programación\Scala\hello-world\.metals\lsp.trace.json or C:\Users\fabia\AppData\Local\scalameta\metals\cache\lsp.trace.json
2022.07.02 18:19:04 INFO  logging to file D:\Programación\Scala\hello-world\.metals\metals.log
2022.07.02 18:19:04 INFO  Started: Metals version 0.11.6+67-926ec9a3-SNAPSHOT in workspace 'D:\Programación\Scala\hello-world' for client Visual Studio Code 1.68.1.
2022.07.02 18:19:05 INFO  time: initialize in 1.31s
2022.07.02 18:19:06 WARN  Flyway upgrade recommended: H2 2.1.212 is newer than this version of Flyway and support has not been tested. The latest supported version of H2 is 2.1.210.
2022.07.02 18:19:06 WARN  Build server is not auto-connectable.
2022.07.02 18:19:10 WARN  no build target for: D:\Programación\Scala\hello-world\src\main\scala\Main.scala
2022.07.02 18:19:13 INFO  no build target found for D:\Programación\Scala\hello-world\src\main\scala\Main.scala. Using presentation compiler with project's scala-library version: 3.1.2
2022.07.02 18:19:16 INFO  time: code lens generation in 5.77s
2022.07.02 18:19:16 INFO  time: code lens generation in 2.73s
2022.07.02 18:19:16 INFO  time: code lens generation in 2.72s
2022.07.02 18:19:16 INFO  time: code lens generation in 5.77s
2022.07.02 18:19:51 WARN  no build target for: D:\Programación\Scala\hello-world\src\main\scala\Main.scala
2022.07.02 18:29:54 INFO  shutting down Metals
2022.07.02 18:30:15 INFO  tracing is disabled for protocol LSP, to enable tracing of incoming and outgoing JSON messages create an empty file at d:\Programación\Scala\hello-world\.metals\lsp.trace.json or C:\Users\fabia\AppData\Local\scalameta\metals\cache\lsp.trace.json
2022.07.02 18:30:17 INFO  logging to file D:\Programación\Scala\hello-world\.metals\metals.log
2022.07.02 18:30:17 INFO  Started: Metals version 0.11.6+67-926ec9a3-SNAPSHOT in workspace 'D:\Programación\Scala\hello-world' for client Visual Studio Code 1.68.1.
2022.07.02 18:30:18 INFO  time: initialize in 1.43s
2022.07.02 18:30:18 WARN  Flyway upgrade recommended: H2 2.1.212 is newer than this version of Flyway and support has not been tested. The latest supported version of H2 is 2.1.210.
2022.07.02 18:30:18 WARN  Build server is not auto-connectable.
2022.07.02 18:30:19 INFO  skipping build import with status 'Requested'
2022.07.02 18:30:22 WARN  no build target for: D:\Programación\Scala\hello-world\src\main\scala\Main.scala
2022.07.02 18:30:26 INFO  no build target found for D:\Programación\Scala\hello-world\src\main\scala\Main.scala. Using presentation compiler with project's scala-library version: 3.1.2
2022.07.02 18:30:28 INFO  time: code lens generation in 1.73s
2022.07.02 18:30:28 INFO  time: code lens generation in 1.73s
2022.07.02 18:30:28 INFO  time: code lens generation in 6.25s
2022.07.02 18:30:28 INFO  time: code lens generation in 6.25s
2022.07.02 18:34:21 WARN  no build target for: D:\Programación\Scala\hello-world\src\main\scala\Main.scala
2022.07.02 18:34:24 WARN  no build target for: D:\Programación\Scala\hello-world\src\main\scala\Main.scala
2022.07.02 18:34:30 WARN  no build target for: D:\Programación\Scala\hello-world\src\main\scala\Main.scala
2022.07.02 18:34:32 WARN  no build target for: D:\Programación\Scala\hello-world\src\main\scala\Main.scala
2022.07.02 18:34:37 WARN  no build target for: D:\Programación\Scala\hello-world\src\main\scala\Main.scala
2022.07.02 18:34:38 WARN  no build target for: D:\Programación\Scala\hello-world\src\main\scala\Main.scala
2022.07.02 18:34:53 WARN  no build target for: D:\Programación\Scala\hello-world\src\main\scala\Main.scala
2022.07.02 18:34:56 WARN  no build target for: D:\Programación\Scala\hello-world\src\main\scala\Main.scala
2022.07.02 18:34:59 WARN  no build target for: D:\Programación\Scala\hello-world\src\main\scala\Main.scala
2022.07.02 18:35:03 WARN  no build target for: D:\Programación\Scala\hello-world\src\main\scala\Main.scala
2022.07.02 18:35:08 WARN  no build target for: D:\Programación\Scala\hello-world\src\main\scala\Main.scala
2022.07.02 18:35:18 WARN  no build target for: D:\Programación\Scala\hello-world\src\main\scala\Main.scala
2022.07.02 18:35:24 WARN  no build target for: D:\Programación\Scala\hello-world\src\main\scala\Main.scala
2022.07.02 18:35:51 WARN  no build target for: D:\Programación\Scala\hello-world\src\main\scala\Main.scala
2022.07.02 18:35:53 WARN  no build target for: D:\Programación\Scala\hello-world\src\main\scala\Main.scala
2022.07.02 18:35:58 WARN  no build target for: D:\Programación\Scala\hello-world\src\main\scala\Main.scala
2022.07.02 18:36:00 WARN  no build target for: D:\Programación\Scala\hello-world\src\main\scala\Main.scala
2022.07.02 18:36:04 WARN  no build target for: D:\Programación\Scala\hello-world\src\main\scala\Main.scala
2022.07.02 18:36:09 WARN  no build target for: D:\Programación\Scala\hello-world\src\main\scala\Main.scala
2022.07.02 18:36:25 WARN  no build target for: D:\Programación\Scala\hello-world\src\main\scala\Main.scala
2022.07.02 18:36:28 WARN  no build target for: D:\Programación\Scala\hello-world\src\main\scala\Main.scala
2022.07.02 18:36:55 WARN  no build target for: D:\Programación\Scala\hello-world\src\main\scala\Main.scala
2022.07.02 18:36:57 WARN  no build target for: D:\Programación\Scala\hello-world\src\main\scala\Main.scala
2022.07.02 18:37:45 WARN  no build target for: D:\Programación\Scala\hello-world\src\main\scala\Main.scala
2022.07.02 18:37:47 WARN  no build target for: D:\Programación\Scala\hello-world\src\main\scala\Main.scala
2022.07.02 18:37:49 WARN  no build target for: D:\Programación\Scala\hello-world\src\main\scala\Main.scala
2022.07.02 18:37:50 WARN  no build target for: D:\Programación\Scala\hello-world\src\main\scala\Main.scala
2022.07.02 18:37:52 WARN  no build target for: D:\Programación\Scala\hello-world\src\main\scala\Main.scala
2022.07.02 18:37:55 WARN  no build target for: D:\Programación\Scala\hello-world\src\main\scala\Main.scala
2022.07.02 18:38:03 WARN  no build target for: D:\Programación\Scala\hello-world\src\main\scala\Main.scala
2022.07.02 18:38:06 WARN  no build target for: D:\Programación\Scala\hello-world\src\main\scala\Main.scala
2022.07.02 18:38:09 WARN  no build target for: D:\Programación\Scala\hello-world\src\main\scala\Main.scala
jul. 02, 2022 6:38:10 P. M. org.eclipse.lsp4j.jsonrpc.RemoteEndpoint fallbackResponseError
SEVERE: Internal error: java.lang.reflect.InvocationTargetException
java.lang.RuntimeException: java.lang.reflect.InvocationTargetException
	at org.eclipse.lsp4j.jsonrpc.services.GenericEndpoint.lambda$null$0(GenericEndpoint.java:67)
	at org.eclipse.lsp4j.jsonrpc.services.GenericEndpoint.request(GenericEndpoint.java:120)
	at org.eclipse.lsp4j.jsonrpc.RemoteEndpoint.handleRequest(RemoteEndpoint.java:261)
	at org.eclipse.lsp4j.jsonrpc.RemoteEndpoint.consume(RemoteEndpoint.java:190)
	at org.eclipse.lsp4j.jsonrpc.json.StreamMessageProducer.handleMessage(StreamMessageProducer.java:194)
	at org.eclipse.lsp4j.jsonrpc.json.StreamMessageProducer.listen(StreamMessageProducer.java:94)
	at org.eclipse.lsp4j.jsonrpc.json.ConcurrentMessageProcessor.run(ConcurrentMessageProcessor.java:113)
	at java.base/java.util.concurrent.Executors$RunnableAdapter.call(Executors.java:539)
	at java.base/java.util.concurrent.FutureTask.run(FutureTask.java:264)
	at java.base/java.util.concurrent.ThreadPoolExecutor.runWorker(ThreadPoolExecutor.java:1136)
	at java.base/java.util.concurrent.ThreadPoolExecutor$Worker.run(ThreadPoolExecutor.java:635)
	at java.base/java.lang.Thread.run(Thread.java:833)
Caused by: java.lang.reflect.InvocationTargetException
	at jdk.internal.reflect.GeneratedMethodAccessor3.invoke(Unknown Source)
	at java.base/jdk.internal.reflect.DelegatingMethodAccessorImpl.invoke(DelegatingMethodAccessorImpl.java:43)
	at java.base/java.lang.reflect.Method.invoke(Method.java:568)
	at org.eclipse.lsp4j.jsonrpc.services.GenericEndpoint.lambda$null$0(GenericEndpoint.java:65)
	... 11 more
Caused by: java.lang.IllegalArgumentException: 11 is not a valid line number, allowed [0..10]
	at scala.meta.internal.inputs.InternalInput.lineToOffset(InternalInput.scala:37)
	at scala.meta.internal.inputs.InternalInput.lineToOffset$(InternalInput.scala:32)
	at scala.meta.inputs.Input$VirtualFile.lineToOffset(Input.scala:80)
	at scala.meta.inputs.Position$Range$.apply(Position.scala:59)
	at scala.meta.internal.mtags.MtagsEnrichments$XtensionPositionLspInverse.toMeta(MtagsEnrichments.scala:179)
	at scala.meta.internal.parsing.Trees.$anonfun$findLastEnclosingAt$4(Trees.scala:76)
	at scala.Option.flatMap(Option.scala:283)
	at scala.meta.internal.parsing.Trees.findLastEnclosingAt(Trees.scala:75)
	at scala.meta.internal.metals.codeactions.PatternMatchRefactor.contribute(PatternMatchRefactor.scala:96)
	at scala.meta.internal.metals.CodeActionProvider$$anonfun$1.applyOrElse(CodeActionProvider.scala:64)
	at scala.meta.internal.metals.CodeActionProvider$$anonfun$1.applyOrElse(CodeActionProvider.scala:63)
	at scala.collection.immutable.List.collect(List.scala:275)
	at scala.meta.internal.metals.CodeActionProvider.codeActions(CodeActionProvider.scala:63)
	at scala.meta.internal.metals.MetalsLanguageServer.$anonfun$codeAction$1(MetalsLanguageServer.scala:1649)
	at scala.meta.internal.metals.CancelTokens$.future(CancelTokens.scala:38)
	at scala.meta.internal.metals.MetalsLanguageServer.codeAction(MetalsLanguageServer.scala:1648)
	... 15 more

2022.07.02 18:38:13 WARN  no build target for: D:\Programación\Scala\hello-world\src\main\scala\Main.scala
2022.07.02 18:38:36 WARN  no build target for: D:\Programación\Scala\hello-world\src\main\scala\Main.scala
2022.07.02 18:38:39 WARN  no build target for: D:\Programación\Scala\hello-world\src\main\scala\Main.scala
2022.07.02 18:38:43 WARN  no build target for: D:\Programación\Scala\hello-world\src\main\scala\Main.scala
2022.07.02 18:39:49 WARN  no build target for: D:\Programación\Scala\hello-world\src\main\scala\Main.scala
2022.07.02 18:39:53 WARN  no build target for: D:\Programación\Scala\hello-world\src\main\scala\Main.scala
2022.07.02 18:39:55 WARN  no build target for: D:\Programación\Scala\hello-world\src\main\scala\Main.scala
2022.07.02 18:40:19 WARN  no build target for: D:\Programación\Scala\hello-world\src\main\scala\Main.scala
2022.07.02 18:40:21 WARN  no build target for: D:\Programación\Scala\hello-world\src\main\scala\Main.scala
2022.07.02 18:40:37 WARN  no build target for: D:\Programación\Scala\hello-world\src\main\scala\Main.scala
2022.07.02 18:40:43 WARN  no build target for: D:\Programación\Scala\hello-world\src\main\scala\Main.scala
2022.07.02 18:40:45 WARN  no build target for: D:\Programación\Scala\hello-world\src\main\scala\Main.scala
2022.07.02 18:40:47 WARN  no build target for: D:\Programación\Scala\hello-world\src\main\scala\Main.scala
2022.07.02 18:41:08 WARN  no build target for: D:\Programación\Scala\hello-world\src\main\scala\Main.scala
2022.07.02 18:41:25 WARN  no build target for: D:\Programación\Scala\hello-world\src\main\scala\Main.scala
2022.07.02 18:41:30 WARN  no build target for: D:\Programación\Scala\hello-world\src\main\scala\Main.scala
2022.07.02 18:41:35 WARN  no build target for: D:\Programación\Scala\hello-world\src\main\scala\Main.scala
2022.07.02 18:41:37 WARN  no build target for: D:\Programación\Scala\hello-world\src\main\scala\Main.scala
2022.07.02 18:41:44 WARN  no build target for: D:\Programación\Scala\hello-world\src\main\scala\Main.scala
2022.07.02 18:41:48 WARN  no build target for: D:\Programación\Scala\hello-world\src\main\scala\Main.scala
2022.07.02 18:41:53 WARN  no build target for: D:\Programación\Scala\hello-world\src\main\scala\Main.scala
2022.07.02 18:41:56 WARN  no build target for: D:\Programación\Scala\hello-world\src\main\scala\Main.scala
2022.07.02 18:41:57 WARN  no build target for: D:\Programación\Scala\hello-world\src\main\scala\Main.scala
2022.07.02 18:41:59 WARN  no build target for: D:\Programación\Scala\hello-world\src\main\scala\Main.scala
2022.07.02 18:42:06 WARN  no build target for: D:\Programación\Scala\hello-world\src\main\scala\Main.scala
2022.07.02 18:42:11 WARN  no build target for: D:\Programación\Scala\hello-world\src\main\scala\Main.scala
2022.07.02 18:42:13 WARN  no build target for: D:\Programación\Scala\hello-world\src\main\scala\Main.scala
2022.07.02 18:42:23 WARN  no build target for: D:\Programación\Scala\hello-world\src\main\scala\Main.scala
2022.07.02 18:42:25 WARN  no build target for: D:\Programación\Scala\hello-world\src\main\scala\Main.scala
2022.07.02 18:42:32 WARN  no build target for: D:\Programación\Scala\hello-world\src\main\scala\Main.scala
2022.07.02 18:42:36 WARN  no build target for: D:\Programación\Scala\hello-world\src\main\scala\Main.scala
2022.07.02 18:42:38 WARN  no build target for: D:\Programación\Scala\hello-world\src\main\scala\Main.scala
2022.07.02 18:42:44 WARN  no build target for: D:\Programación\Scala\hello-world\src\main\scala\Main.scala
2022.07.02 18:42:46 WARN  no build target for: D:\Programación\Scala\hello-world\src\main\scala\Main.scala
2022.07.02 18:42:49 WARN  no build target for: D:\Programación\Scala\hello-world\src\main\scala\Main.scala
2022.07.02 18:42:51 WARN  no build target for: D:\Programación\Scala\hello-world\src\main\scala\Main.scala
2022.07.02 18:42:56 WARN  no build target for: D:\Programación\Scala\hello-world\src\main\scala\Main.scala
2022.07.02 18:43:00 WARN  no build target for: D:\Programación\Scala\hello-world\src\main\scala\Main.scala
2022.07.02 18:43:02 WARN  no build target for: D:\Programación\Scala\hello-world\src\main\scala\Main.scala
2022.07.02 18:43:04 WARN  no build target for: D:\Programación\Scala\hello-world\src\main\scala\Main.scala
2022.07.02 18:43:08 WARN  no build target for: D:\Programación\Scala\hello-world\src\main\scala\Main.scala
2022.07.02 18:43:10 WARN  no build target for: D:\Programación\Scala\hello-world\src\main\scala\Main.scala
2022.07.02 18:43:12 WARN  no build target for: D:\Programación\Scala\hello-world\src\main\scala\Main.scala
2022.07.02 18:43:50 WARN  no build target for: D:\Programación\Scala\hello-world\src\main\scala\Main.scala
2022.07.02 18:46:06 WARN  no build target for: D:\Programación\Scala\hello-world\src\main\scala\Main.scala
2022.07.02 18:46:08 WARN  no build target for: D:\Programación\Scala\hello-world\src\main\scala\Main.scala
2022.07.02 18:46:10 WARN  no build target for: D:\Programación\Scala\hello-world\src\main\scala\Main.scala
2022.07.02 18:46:14 WARN  no build target for: D:\Programación\Scala\hello-world\src\main\scala\Main.scala
2022.07.02 18:46:20 WARN  no build target for: D:\Programación\Scala\hello-world\src\main\scala\Main.scala
2022.07.02 18:46:23 WARN  no build target for: D:\Programación\Scala\hello-world\src\main\scala\Main.scala
2022.07.02 18:46:27 WARN  no build target for: D:\Programación\Scala\hello-world\src\main\scala\Main.scala
2022.07.02 18:46:33 WARN  no build target for: D:\Programación\Scala\hello-world\src\main\scala\Main.scala
2022.07.02 18:46:34 WARN  no build target for: D:\Programación\Scala\hello-world\src\main\scala\Main.scala
2022.07.02 18:46:35 WARN  no build target for: D:\Programación\Scala\hello-world\src\main\scala\Main.scala
2022.07.02 18:46:39 WARN  no build target for: D:\Programación\Scala\hello-world\src\main\scala\Main.scala
2022.07.02 18:46:41 WARN  no build target for: D:\Programación\Scala\hello-world\src\main\scala\Main.scala
jul. 02, 2022 6:46:41 P. M. org.eclipse.lsp4j.jsonrpc.RemoteEndpoint handleCancellation
WARNING: Unmatched cancel notification for request id 1431
2022.07.02 18:46:43 WARN  no build target for: D:\Programación\Scala\hello-world\src\main\scala\Main.scala
2022.07.02 18:46:45 WARN  no build target for: D:\Programación\Scala\hello-world\src\main\scala\Main.scala
2022.07.02 18:46:49 WARN  no build target for: D:\Programación\Scala\hello-world\src\main\scala\Main.scala
2022.07.02 18:46:50 WARN  no build target for: D:\Programación\Scala\hello-world\src\main\scala\Main.scala
2022.07.02 18:46:52 WARN  no build target for: D:\Programación\Scala\hello-world\src\main\scala\Main.scala
2022.07.02 18:46:55 WARN  no build target for: D:\Programación\Scala\hello-world\src\main\scala\Main.scala
2022.07.02 18:46:59 WARN  no build target for: D:\Programación\Scala\hello-world\src\main\scala\Main.scala
2022.07.02 18:47:03 WARN  no build target for: D:\Programación\Scala\hello-world\src\main\scala\Main.scala
2022.07.02 18:47:04 WARN  no build target for: D:\Programación\Scala\hello-world\src\main\scala\Main.scala
2022.07.02 18:47:07 WARN  no build target for: D:\Programación\Scala\hello-world\src\main\scala\Main.scala
2022.07.02 18:47:13 WARN  no build target for: D:\Programación\Scala\hello-world\src\main\scala\Main.scala
2022.07.02 18:48:03 WARN  no build target for: D:\Programación\Scala\hello-world\src\main\scala\Main.scala
2022.07.02 18:48:04 WARN  no build target for: D:\Programación\Scala\hello-world\src\main\scala\Main.scala
2022.07.02 18:48:07 WARN  no build target for: D:\Programación\Scala\hello-world\src\main\scala\Main.scala
2022.07.02 18:48:08 WARN  no build target for: D:\Programación\Scala\hello-world\src\main\scala\Main.scala
2022.07.02 18:48:13 WARN  no build target for: D:\Programación\Scala\hello-world\src\main\scala\Main.scala
2022.07.02 18:48:16 WARN  no build target for: D:\Programación\Scala\hello-world\src\main\scala\Main.scala
Exception in thread "pool-3-thread-1" java.lang.InterruptedException
	at scala.meta.internal.metals.FutureCancelToken.checkCanceled(FutureCancelToken.scala:29)
	at scala.meta.internal.pc.CompilerAccess.onCompilerJobQueue$$anonfun$1(CompilerAccess.scala:195)
	at scala.meta.internal.pc.CompilerJobQueue$Job.run(CompilerJobQueue.scala:139)
	at java.base/java.util.concurrent.ThreadPoolExecutor.runWorker(ThreadPoolExecutor.java:1136)
	at java.base/java.util.concurrent.ThreadPoolExecutor$Worker.run(ThreadPoolExecutor.java:635)
	at java.base/java.lang.Thread.run(Thread.java:833)
2022.07.02 18:48:23 WARN  no build target for: D:\Programación\Scala\hello-world\src\main\scala\Main.scala
2022.07.02 18:48:26 WARN  no build target for: D:\Programación\Scala\hello-world\src\main\scala\Main.scala
2022.07.02 18:48:32 WARN  no build target for: D:\Programación\Scala\hello-world\src\main\scala\Main.scala
2022.07.02 18:48:39 WARN  no build target for: D:\Programación\Scala\hello-world\src\main\scala\Main.scala
2022.07.02 18:48:40 WARN  no build target for: D:\Programación\Scala\hello-world\src\main\scala\Main.scala
2022.07.02 18:49:35 WARN  no build target for: D:\Programación\Scala\hello-world\src\main\scala\Main.scala
2022.07.02 18:50:03 WARN  no build target for: D:\Programación\Scala\hello-world\src\main\scala\Main.scala
2022.07.02 18:50:06 WARN  no build target for: D:\Programación\Scala\hello-world\src\main\scala\Main.scala
2022.07.02 18:50:15 WARN  no build target for: D:\Programación\Scala\hello-world\src\main\scala\Main.scala
2022.07.02 18:50:17 WARN  no build target for: D:\Programación\Scala\hello-world\src\main\scala\Main.scala
2022.07.02 18:50:30 WARN  no build target for: D:\Programación\Scala\hello-world\src\main\scala\Main.scala
2022.07.02 18:50:39 WARN  no build target for: D:\Programación\Scala\hello-world\src\main\scala\Main.scala
2022.07.02 18:50:41 WARN  no build target for: D:\Programación\Scala\hello-world\src\main\scala\Main.scala
2022.07.02 18:50:50 WARN  no build target for: D:\Programación\Scala\hello-world\src\main\scala\Main.scala
2022.07.02 18:51:07 WARN  no build target for: D:\Programación\Scala\hello-world\src\main\scala\Main.scala
2022.07.02 18:51:09 WARN  no build target for: D:\Programación\Scala\hello-world\src\main\scala\Main.scala
2022.07.02 18:51:10 WARN  no build target for: D:\Programación\Scala\hello-world\src\main\scala\Main.scala
2022.07.02 18:51:12 WARN  no build target for: D:\Programación\Scala\hello-world\src\main\scala\Main.scala
2022.07.02 18:51:25 WARN  no build target for: D:\Programación\Scala\hello-world\src\main\scala\Main.scala
2022.07.02 18:51:29 WARN  no build target for: D:\Programación\Scala\hello-world\src\main\scala\Main.scala
2022.07.02 18:51:33 WARN  no build target for: D:\Programación\Scala\hello-world\src\main\scala\Main.scala
2022.07.02 18:51:36 WARN  no build target for: D:\Programación\Scala\hello-world\src\main\scala\Main.scala
2022.07.02 18:51:37 WARN  no build target for: D:\Programación\Scala\hello-world\src\main\scala\Main.scala
2022.07.02 18:51:43 WARN  no build target for: D:\Programación\Scala\hello-world\src\main\scala\Main.scala
2022.07.02 18:51:46 WARN  no build target for: D:\Programación\Scala\hello-world\src\main\scala\Main.scala
2022.07.02 18:52:53 INFO  shutting down Metals
2022.07.03 15:08:25 INFO  tracing is disabled for protocol LSP, to enable tracing of incoming and outgoing JSON messages create an empty file at d:\Programación\Scala\hello-world\.metals\lsp.trace.json or C:\Users\fabia\AppData\Local\scalameta\metals\cache\lsp.trace.json
2022.07.03 15:08:26 INFO  logging to file D:\Programación\Scala\hello-world\.metals\metals.log
2022.07.03 15:08:26 INFO  Started: Metals version 0.11.6+67-926ec9a3-SNAPSHOT in workspace 'D:\Programación\Scala\hello-world' for client Visual Studio Code 1.68.1.
2022.07.03 15:08:29 INFO  time: initialize in 2.42s
2022.07.03 15:08:29 WARN  Flyway upgrade recommended: H2 2.1.212 is newer than this version of Flyway and support has not been tested. The latest supported version of H2 is 2.1.210.
2022.07.03 15:08:30 WARN  Build server is not auto-connectable.
2022.07.03 15:08:31 INFO  skipping build import with status 'Requested'
2022.07.03 15:08:35 WARN  no build target for: D:\Programación\Scala\hello-world\src\main\scala\Main.scala
2022.07.03 15:08:45 INFO  no build target found for D:\Programación\Scala\hello-world\src\main\scala\Main.scala. Using presentation compiler with project's scala-library version: 3.1.2
2022.07.03 15:08:50 INFO  time: code lens generation in 13s
2022.07.03 15:08:50 INFO  time: code lens generation in 13s
2022.07.03 15:14:53 INFO  shutting down Metals
2022.07.03 15:19:48 INFO  tracing is disabled for protocol LSP, to enable tracing of incoming and outgoing JSON messages create an empty file at d:\Programación\Scala\hello-world\.metals\lsp.trace.json or C:\Users\fabia\AppData\Local\scalameta\metals\cache\lsp.trace.json
2022.07.03 15:19:50 INFO  logging to file D:\Programación\Scala\hello-world\.metals\metals.log
2022.07.03 15:19:50 INFO  Started: Metals version 0.11.6+162-a9ee0ee8-SNAPSHOT in workspace 'D:\Programación\Scala\hello-world' for client Visual Studio Code 1.68.1.
2022.07.03 15:19:58 INFO  time: initialize in 8.17s
2022.07.03 15:19:58 WARN  Flyway upgrade recommended: H2 2.1.214 is newer than this version of Flyway and support has not been tested. The latest supported version of H2 is 2.1.210.
2022.07.03 15:19:59 WARN  Build server is not auto-connectable.
2022.07.03 15:20:00 INFO  skipping build import with status 'Requested'
2022.07.03 15:20:04 WARN  no build target for: D:\Programación\Scala\hello-world\src\main\scala\Main.scala
2022.07.03 15:20:17 INFO  no build target found for D:\Programación\Scala\hello-world\src\main\scala\Main.scala. Using presentation compiler with project's scala-library version: 3.1.3
2022.07.03 15:20:21 INFO  time: code lens generation in 15s
2022.07.03 15:20:21 INFO  time: code lens generation in 15s
2022.07.03 15:24:52 WARN  no build target for: D:\Programación\Scala\hello-world\src\main\scala\Main.scala
2022.07.03 15:24:57 WARN  no build target for: D:\Programación\Scala\hello-world\src\main\scala\Main.scala
2022.07.03 15:24:58 WARN  no build target for: D:\Programación\Scala\hello-world\src\main\scala\Main.scala
2022.07.03 15:25:02 WARN  no build target for: D:\Programación\Scala\hello-world\src\main\scala\Main.scala
2022.07.03 15:25:03 WARN  no build target for: D:\Programación\Scala\hello-world\src\main\scala\Main.scala
2022.07.03 15:25:07 WARN  no build target for: D:\Programación\Scala\hello-world\src\main\scala\Main.scala
2022.07.03 15:25:13 WARN  no build target for: D:\Programación\Scala\hello-world\src\main\scala\Main.scala
2022.07.03 15:25:14 WARN  no build target for: D:\Programación\Scala\hello-world\src\main\scala\Main.scala
2022.07.03 15:25:16 WARN  no build target for: D:\Programación\Scala\hello-world\src\main\scala\Main.scala
2022.07.03 15:25:20 WARN  no build target for: D:\Programación\Scala\hello-world\src\main\scala\Main.scala
2022.07.03 15:25:22 WARN  no build target for: D:\Programación\Scala\hello-world\src\main\scala\Main.scala
2022.07.03 15:25:33 WARN  no build target for: D:\Programación\Scala\hello-world\src\main\scala\Main.scala
2022.07.03 15:25:35 WARN  no build target for: D:\Programación\Scala\hello-world\src\main\scala\Main.scala
2022.07.03 15:25:36 WARN  no build target for: D:\Programación\Scala\hello-world\src\main\scala\Main.scala
2022.07.03 15:25:39 WARN  no build target for: D:\Programación\Scala\hello-world\src\main\scala\Main.scala
2022.07.03 15:25:46 WARN  no build target for: D:\Programación\Scala\hello-world\src\main\scala\Main.scala
2022.07.03 15:25:48 WARN  no build target for: D:\Programación\Scala\hello-world\src\main\scala\Main.scala
2022.07.03 15:25:49 WARN  no build target for: D:\Programación\Scala\hello-world\src\main\scala\Main.scala
2022.07.03 15:25:54 WARN  no build target for: D:\Programación\Scala\hello-world\src\main\scala\Main.scala
2022.07.03 15:25:56 WARN  no build target for: D:\Programación\Scala\hello-world\src\main\scala\Main.scala
2022.07.03 15:26:01 WARN  no build target for: D:\Programación\Scala\hello-world\src\main\scala\Main.scala
2022.07.03 15:26:44 WARN  no build target for: D:\Programación\Scala\hello-world\src\main\scala\Main.scala
2022.07.03 15:26:51 WARN  no build target for: D:\Programación\Scala\hello-world\src\main\scala\Main.scala
2022.07.03 15:26:53 WARN  no build target for: D:\Programación\Scala\hello-world\src\main\scala\Main.scala
2022.07.03 15:27:01 WARN  no build target for: D:\Programación\Scala\hello-world\src\main\scala\Main.scala
2022.07.03 15:27:08 WARN  no build target for: D:\Programación\Scala\hello-world\src\main\scala\Main.scala
2022.07.03 15:27:13 WARN  no build target for: D:\Programación\Scala\hello-world\src\main\scala\Main.scala
2022.07.03 15:27:17 WARN  no build target for: D:\Programación\Scala\hello-world\src\main\scala\Main.scala
2022.07.03 15:27:24 WARN  no build target for: D:\Programación\Scala\hello-world\src\main\scala\Main.scala
2022.07.03 15:27:28 WARN  no build target for: D:\Programación\Scala\hello-world\src\main\scala\Main.scala
2022.07.03 15:27:30 WARN  no build target for: D:\Programación\Scala\hello-world\src\main\scala\Main.scala
2022.07.03 15:27:35 WARN  no build target for: D:\Programación\Scala\hello-world\src\main\scala\Main.scala
2022.07.03 15:27:37 WARN  no build target for: D:\Programación\Scala\hello-world\src\main\scala\Main.scala
2022.07.03 15:27:41 WARN  no build target for: D:\Programación\Scala\hello-world\src\main\scala\Main.scala
2022.07.03 15:27:54 WARN  no build target for: D:\Programación\Scala\hello-world\src\main\scala\Main.scala
2022.07.03 15:27:56 WARN  no build target for: D:\Programación\Scala\hello-world\src\main\scala\Main.scala
2022.07.03 15:27:59 WARN  no build target for: D:\Programación\Scala\hello-world\src\main\scala\Main.scala
2022.07.03 15:28:00 WARN  no build target for: D:\Programación\Scala\hello-world\src\main\scala\Main.scala
2022.07.03 15:28:04 WARN  no build target for: D:\Programación\Scala\hello-world\src\main\scala\Main.scala
2022.07.03 15:28:13 WARN  no build target for: D:\Programación\Scala\hello-world\src\main\scala\Main.scala
2022.07.03 15:28:16 WARN  no build target for: D:\Programación\Scala\hello-world\src\main\scala\Main.scala
2022.07.03 15:28:18 WARN  no build target for: D:\Programación\Scala\hello-world\src\main\scala\Main.scala
2022.07.03 15:28:20 WARN  no build target for: D:\Programación\Scala\hello-world\src\main\scala\Main.scala
2022.07.03 15:28:22 WARN  no build target for: D:\Programación\Scala\hello-world\src\main\scala\Main.scala
2022.07.03 15:28:26 WARN  no build target for: D:\Programación\Scala\hello-world\src\main\scala\Main.scala
2022.07.03 15:29:48 WARN  no build target for: D:\Programación\Scala\hello-world\src\main\scala\Main.scala
2022.07.03 15:29:50 WARN  no build target for: D:\Programación\Scala\hello-world\src\main\scala\Main.scala
2022.07.03 15:30:04 WARN  no build target for: D:\Programación\Scala\hello-world\src\main\scala\Main.scala
2022.07.03 15:30:28 WARN  no build target for: D:\Programación\Scala\hello-world\src\main\scala\Main.scala
2022.07.03 15:30:30 WARN  no build target for: D:\Programación\Scala\hello-world\src\main\scala\Main.scala
2022.07.03 15:30:33 WARN  no build target for: D:\Programación\Scala\hello-world\src\main\scala\Main.scala
2022.07.03 15:30:41 WARN  no build target for: D:\Programación\Scala\hello-world\src\main\scala\Main.scala
2022.07.03 15:30:43 WARN  no build target for: D:\Programación\Scala\hello-world\src\main\scala\Main.scala
jul. 03, 2022 3:30:46 P. M. org.eclipse.lsp4j.jsonrpc.RemoteEndpoint handleCancellation
WARNING: Unmatched cancel notification for request id 577
2022.07.03 15:30:49 WARN  no build target for: D:\Programación\Scala\hello-world\src\main\scala\Main.scala
2022.07.03 15:30:52 WARN  no build target for: D:\Programación\Scala\hello-world\src\main\scala\Main.scala
2022.07.03 15:30:54 WARN  no build target for: D:\Programación\Scala\hello-world\src\main\scala\Main.scala
2022.07.03 15:30:59 WARN  no build target for: D:\Programación\Scala\hello-world\src\main\scala\Main.scala
2022.07.03 15:31:02 WARN  no build target for: D:\Programación\Scala\hello-world\src\main\scala\Main.scala
2022.07.03 15:31:05 WARN  no build target for: D:\Programación\Scala\hello-world\src\main\scala\Main.scala
2022.07.03 15:31:07 WARN  no build target for: D:\Programación\Scala\hello-world\src\main\scala\Main.scala
2022.07.03 15:31:10 WARN  no build target for: D:\Programación\Scala\hello-world\src\main\scala\Main.scala
2022.07.03 15:31:12 WARN  no build target for: D:\Programación\Scala\hello-world\src\main\scala\Main.scala
2022.07.03 15:31:15 WARN  no build target for: D:\Programación\Scala\hello-world\src\main\scala\Main.scala
2022.07.03 15:31:20 WARN  no build target for: D:\Programación\Scala\hello-world\src\main\scala\Main.scala
2022.07.03 15:31:32 WARN  no build target for: D:\Programación\Scala\hello-world\src\main\scala\Main.scala
2022.07.03 15:31:37 WARN  no build target for: D:\Programación\Scala\hello-world\src\main\scala\Main.scala
2022.07.03 15:31:42 WARN  no build target for: D:\Programación\Scala\hello-world\src\main\scala\Main.scala
2022.07.03 15:31:49 WARN  no build target for: D:\Programación\Scala\hello-world\src\main\scala\Main.scala
2022.07.03 15:32:53 WARN  no build target for: D:\Programación\Scala\hello-world\src\main\scala\Main.scala
2022.07.03 15:32:54 WARN  no build target for: D:\Programación\Scala\hello-world\src\main\scala\Main.scala
2022.07.03 15:32:59 WARN  no build target for: D:\Programación\Scala\hello-world\src\main\scala\Main.scala
2022.07.03 15:33:04 WARN  no build target for: D:\Programación\Scala\hello-world\src\main\scala\Main.scala
2022.07.03 15:33:07 WARN  no build target for: D:\Programación\Scala\hello-world\src\main\scala\Main.scala
2022.07.03 15:33:42 WARN  no build target for: D:\Programación\Scala\hello-world\src\main\scala\Main.scala
2022.07.03 15:33:44 WARN  no build target for: D:\Programación\Scala\hello-world\src\main\scala\Main.scala
2022.07.03 15:33:45 WARN  no build target for: D:\Programación\Scala\hello-world\src\main\scala\Main.scala
2022.07.03 15:33:47 WARN  no build target for: D:\Programación\Scala\hello-world\src\main\scala\Main.scala
2022.07.03 15:33:51 WARN  no build target for: D:\Programación\Scala\hello-world\src\main\scala\Main.scala
2022.07.03 15:33:55 WARN  no build target for: D:\Programación\Scala\hello-world\src\main\scala\Main.scala
2022.07.03 15:33:56 WARN  no build target for: D:\Programación\Scala\hello-world\src\main\scala\Main.scala
2022.07.03 15:33:58 WARN  no build target for: D:\Programación\Scala\hello-world\src\main\scala\Main.scala
2022.07.03 15:34:00 WARN  no build target for: D:\Programación\Scala\hello-world\src\main\scala\Main.scala
2022.07.03 15:34:07 WARN  no build target for: D:\Programación\Scala\hello-world\src\main\scala\Main.scala
2022.07.03 15:34:10 WARN  no build target for: D:\Programación\Scala\hello-world\src\main\scala\Main.scala
2022.07.03 15:34:12 WARN  no build target for: D:\Programación\Scala\hello-world\src\main\scala\Main.scala
2022.07.03 15:34:19 WARN  no build target for: D:\Programación\Scala\hello-world\src\main\scala\Main.scala
2022.07.03 15:34:21 WARN  no build target for: D:\Programación\Scala\hello-world\src\main\scala\Main.scala
2022.07.03 15:34:22 WARN  no build target for: D:\Programación\Scala\hello-world\src\main\scala\Main.scala
2022.07.03 15:34:25 WARN  no build target for: D:\Programación\Scala\hello-world\src\main\scala\Main.scala
2022.07.03 15:34:33 WARN  no build target for: D:\Programación\Scala\hello-world\src\main\scala\Main.scala
2022.07.03 15:34:35 WARN  no build target for: D:\Programación\Scala\hello-world\src\main\scala\Main.scala
2022.07.03 15:34:38 WARN  no build target for: D:\Programación\Scala\hello-world\src\main\scala\Main.scala
2022.07.03 15:34:44 WARN  no build target for: D:\Programación\Scala\hello-world\src\main\scala\Main.scala
2022.07.03 15:34:48 WARN  no build target for: D:\Programación\Scala\hello-world\src\main\scala\Main.scala
2022.07.03 15:34:53 WARN  no build target for: D:\Programación\Scala\hello-world\src\main\scala\Main.scala
2022.07.03 15:34:55 WARN  no build target for: D:\Programación\Scala\hello-world\src\main\scala\Main.scala
2022.07.03 15:34:58 WARN  no build target for: D:\Programación\Scala\hello-world\src\main\scala\Main.scala
2022.07.03 15:35:02 WARN  no build target for: D:\Programación\Scala\hello-world\src\main\scala\Main.scala
2022.07.03 15:35:03 WARN  no build target for: D:\Programación\Scala\hello-world\src\main\scala\Main.scala
2022.07.03 15:35:06 WARN  no build target for: D:\Programación\Scala\hello-world\src\main\scala\Main.scala
2022.07.03 15:35:10 WARN  no build target for: D:\Programación\Scala\hello-world\src\main\scala\Main.scala
2022.07.03 15:35:12 WARN  no build target for: D:\Programación\Scala\hello-world\src\main\scala\Main.scala
2022.07.03 15:35:17 WARN  no build target for: D:\Programación\Scala\hello-world\src\main\scala\Main.scala
2022.07.03 15:35:21 WARN  no build target for: D:\Programación\Scala\hello-world\src\main\scala\Main.scala
2022.07.03 15:35:29 WARN  no build target for: D:\Programación\Scala\hello-world\src\main\scala\Main.scala
2022.07.03 15:35:36 WARN  no build target for: D:\Programación\Scala\hello-world\src\main\scala\Main.scala
2022.07.03 15:35:39 WARN  no build target for: D:\Programación\Scala\hello-world\src\main\scala\Main.scala
2022.07.03 15:35:42 WARN  no build target for: D:\Programación\Scala\hello-world\src\main\scala\Main.scala
2022.07.03 15:35:43 WARN  no build target for: D:\Programación\Scala\hello-world\src\main\scala\Main.scala
2022.07.03 15:35:47 WARN  no build target for: D:\Programación\Scala\hello-world\src\main\scala\Main.scala
2022.07.03 15:35:50 WARN  no build target for: D:\Programación\Scala\hello-world\src\main\scala\Main.scala
2022.07.03 15:35:58 WARN  no build target for: D:\Programación\Scala\hello-world\src\main\scala\Main.scala
2022.07.03 15:36:07 WARN  no build target for: D:\Programación\Scala\hello-world\src\main\scala\Main.scala
2022.07.03 15:36:11 WARN  no build target for: D:\Programación\Scala\hello-world\src\main\scala\Main.scala
2022.07.03 15:36:13 WARN  no build target for: D:\Programación\Scala\hello-world\src\main\scala\Main.scala
2022.07.03 15:36:17 WARN  no build target for: D:\Programación\Scala\hello-world\src\main\scala\Main.scala
jul. 03, 2022 3:36:28 P. M. org.eclipse.lsp4j.jsonrpc.RemoteEndpoint handleCancellation
WARNING: Unmatched cancel notification for request id 1726
2022.07.03 15:36:39 WARN  no build target for: D:\Programación\Scala\hello-world\src\main\scala\Main.scala
2022.07.03 15:36:42 WARN  no build target for: D:\Programación\Scala\hello-world\src\main\scala\Main.scala
2022.07.03 15:37:10 WARN  no build target for: D:\Programación\Scala\hello-world\src\main\scala\Main.scala
2022.07.03 15:37:11 WARN  no build target for: D:\Programación\Scala\hello-world\src\main\scala\Main.scala
2022.07.03 15:37:18 WARN  no build target for: D:\Programación\Scala\hello-world\src\main\scala\Main.scala
2022.07.03 15:37:54 WARN  no build target for: D:\Programación\Scala\hello-world\src\main\scala\Main.scala
2022.07.03 15:37:56 WARN  no build target for: D:\Programación\Scala\hello-world\src\main\scala\Main.scala
2022.07.03 15:37:57 WARN  no build target for: D:\Programación\Scala\hello-world\src\main\scala\Main.scala
2022.07.03 15:38:02 WARN  no build target for: D:\Programación\Scala\hello-world\src\main\scala\Main.scala
2022.07.03 15:38:06 WARN  no build target for: D:\Programación\Scala\hello-world\src\main\scala\Main.scala
2022.07.03 15:38:09 WARN  no build target for: D:\Programación\Scala\hello-world\src\main\scala\Main.scala
2022.07.03 15:38:12 WARN  no build target for: D:\Programación\Scala\hello-world\src\main\scala\Main.scala
2022.07.03 15:38:20 WARN  no build target for: D:\Programación\Scala\hello-world\src\main\scala\Main.scala
2022.07.03 15:38:21 WARN  no build target for: D:\Programación\Scala\hello-world\src\main\scala\Main.scala
2022.07.03 15:38:29 WARN  no build target for: D:\Programación\Scala\hello-world\src\main\scala\Main.scala
2022.07.03 15:38:30 WARN  no build target for: D:\Programación\Scala\hello-world\src\main\scala\Main.scala
2022.07.03 15:38:33 WARN  no build target for: D:\Programación\Scala\hello-world\src\main\scala\Main.scala
2022.07.03 15:38:34 WARN  no build target for: D:\Programación\Scala\hello-world\src\main\scala\Main.scala
jul. 03, 2022 3:38:58 P. M. org.eclipse.lsp4j.jsonrpc.RemoteEndpoint handleCancellation
WARNING: Unmatched cancel notification for request id 1992
2022.07.03 15:39:01 WARN  no build target for: D:\Programación\Scala\hello-world\src\main\scala\Main.scala
2022.07.03 15:39:03 WARN  no build target for: D:\Programación\Scala\hello-world\src\main\scala\Main.scala
jul. 03, 2022 3:39:13 P. M. org.eclipse.lsp4j.jsonrpc.RemoteEndpoint handleCancellation
WARNING: Unmatched cancel notification for request id 2013
2022.07.03 15:39:21 WARN  no build target for: D:\Programación\Scala\hello-world\src\main\scala\Main.scala
2022.07.03 15:39:38 WARN  no build target for: D:\Programación\Scala\hello-world\src\main\scala\Main.scala
2022.07.03 15:39:39 WARN  no build target for: D:\Programación\Scala\hello-world\src\main\scala\Main.scala
2022.07.03 15:39:42 WARN  no build target for: D:\Programación\Scala\hello-world\src\main\scala\Main.scala
2022.07.03 15:39:44 WARN  no build target for: D:\Programación\Scala\hello-world\src\main\scala\Main.scala
2022.07.03 15:39:47 WARN  no build target for: D:\Programación\Scala\hello-world\src\main\scala\Main.scala
2022.07.03 15:39:49 WARN  no build target for: D:\Programación\Scala\hello-world\src\main\scala\Main.scala
2022.07.03 15:39:51 WARN  no build target for: D:\Programación\Scala\hello-world\src\main\scala\Main.scala
2022.07.03 15:39:55 WARN  no build target for: D:\Programación\Scala\hello-world\src\main\scala\Main.scala
2022.07.03 15:39:57 WARN  no build target for: D:\Programación\Scala\hello-world\src\main\scala\Main.scala
2022.07.03 15:40:02 WARN  no build target for: D:\Programación\Scala\hello-world\src\main\scala\Main.scala
2022.07.03 15:40:04 WARN  no build target for: D:\Programación\Scala\hello-world\src\main\scala\Main.scala
2022.07.03 15:40:07 WARN  no build target for: D:\Programación\Scala\hello-world\src\main\scala\Main.scala
2022.07.03 15:40:10 WARN  no build target for: D:\Programación\Scala\hello-world\src\main\scala\Main.scala
2022.07.03 15:40:17 WARN  no build target for: D:\Programación\Scala\hello-world\src\main\scala\Main.scala
2022.07.03 15:40:18 WARN  no build target for: D:\Programación\Scala\hello-world\src\main\scala\Main.scala
2022.07.03 15:41:12 WARN  no build target for: D:\Programación\Scala\hello-world\src\main\scala\Main.scala
2022.07.03 15:41:16 WARN  no build target for: D:\Programación\Scala\hello-world\src\main\scala\Main.scala
2022.07.03 15:41:20 WARN  no build target for: D:\Programación\Scala\hello-world\src\main\scala\Main.scala
2022.07.03 15:41:23 WARN  no build target for: D:\Programación\Scala\hello-world\src\main\scala\Main.scala
2022.07.03 15:41:27 WARN  no build target for: D:\Programación\Scala\hello-world\src\main\scala\Main.scala
2022.07.03 15:41:31 WARN  no build target for: D:\Programación\Scala\hello-world\src\main\scala\Main.scala
2022.07.03 15:41:33 WARN  no build target for: D:\Programación\Scala\hello-world\src\main\scala\Main.scala
2022.07.03 15:41:34 WARN  no build target for: D:\Programación\Scala\hello-world\src\main\scala\Main.scala
2022.07.03 15:41:37 WARN  no build target for: D:\Programación\Scala\hello-world\src\main\scala\Main.scala
2022.07.03 15:41:42 WARN  no build target for: D:\Programación\Scala\hello-world\src\main\scala\Main.scala
2022.07.03 15:41:45 WARN  no build target for: D:\Programación\Scala\hello-world\src\main\scala\Main.scala
2022.07.03 15:41:48 WARN  no build target for: D:\Programación\Scala\hello-world\src\main\scala\Main.scala
2022.07.03 15:41:49 WARN  no build target for: D:\Programación\Scala\hello-world\src\main\scala\Main.scala
2022.07.03 15:41:53 WARN  no build target for: D:\Programación\Scala\hello-world\src\main\scala\Main.scala
2022.07.03 15:41:57 WARN  no build target for: D:\Programación\Scala\hello-world\src\main\scala\Main.scala
2022.07.03 15:41:59 WARN  no build target for: D:\Programación\Scala\hello-world\src\main\scala\Main.scala
2022.07.03 15:42:00 WARN  no build target for: D:\Programación\Scala\hello-world\src\main\scala\Main.scala
2022.07.03 15:42:05 WARN  no build target for: D:\Programación\Scala\hello-world\src\main\scala\Main.scala
2022.07.03 15:42:07 WARN  no build target for: D:\Programación\Scala\hello-world\src\main\scala\Main.scala
2022.07.03 15:42:10 WARN  no build target for: D:\Programación\Scala\hello-world\src\main\scala\Main.scala
2022.07.03 15:42:13 WARN  no build target for: D:\Programación\Scala\hello-world\src\main\scala\Main.scala
2022.07.03 15:42:16 WARN  no build target for: D:\Programación\Scala\hello-world\src\main\scala\Main.scala
2022.07.03 15:42:18 WARN  no build target for: D:\Programación\Scala\hello-world\src\main\scala\Main.scala
2022.07.03 15:42:20 WARN  no build target for: D:\Programación\Scala\hello-world\src\main\scala\Main.scala
2022.07.03 15:42:22 WARN  no build target for: D:\Programación\Scala\hello-world\src\main\scala\Main.scala
2022.07.03 15:42:25 WARN  no build target for: D:\Programación\Scala\hello-world\src\main\scala\Main.scala
2022.07.03 15:42:27 WARN  no build target for: D:\Programación\Scala\hello-world\src\main\scala\Main.scala
2022.07.03 15:42:30 WARN  no build target for: D:\Programación\Scala\hello-world\src\main\scala\Main.scala
2022.07.03 15:42:44 WARN  no build target for: D:\Programación\Scala\hello-world\src\main\scala\Main.scala
2022.07.03 15:42:48 WARN  no build target for: D:\Programación\Scala\hello-world\src\main\scala\Main.scala
2022.07.03 15:42:49 WARN  no build target for: D:\Programación\Scala\hello-world\src\main\scala\Main.scala
2022.07.03 15:42:52 WARN  no build target for: D:\Programación\Scala\hello-world\src\main\scala\Main.scala
2022.07.03 15:42:57 WARN  no build target for: D:\Programación\Scala\hello-world\src\main\scala\Main.scala
2022.07.03 15:42:58 WARN  no build target for: D:\Programación\Scala\hello-world\src\main\scala\Main.scala
2022.07.03 15:43:04 WARN  no build target for: D:\Programación\Scala\hello-world\src\main\scala\Main.scala
2022.07.03 15:43:05 WARN  no build target for: D:\Programación\Scala\hello-world\src\main\scala\Main.scala
2022.07.03 15:43:34 WARN  no build target for: D:\Programación\Scala\hello-world\src\main\scala\Main.scala
jul. 03, 2022 3:44:20 P. M. org.eclipse.lsp4j.jsonrpc.RemoteEndpoint handleCancellation
WARNING: Unmatched cancel notification for request id 2686
2022.07.03 15:44:26 WARN  no build target for: D:\Programación\Scala\hello-world\src\main\scala\Main.scala
2022.07.03 15:44:28 WARN  no build target for: D:\Programación\Scala\hello-world\src\main\scala\Main.scala
2022.07.03 15:44:30 WARN  no build target for: D:\Programación\Scala\hello-world\src\main\scala\Main.scala
2022.07.03 15:44:56 WARN  no build target for: D:\Programación\Scala\hello-world\src\main\scala\Main.scala
2022.07.03 15:44:59 WARN  no build target for: D:\Programación\Scala\hello-world\src\main\scala\Main.scala
2022.07.03 15:45:44 WARN  no build target for: D:\Programación\Scala\hello-world\src\main\scala\Main.scala
2022.07.03 15:45:47 WARN  no build target for: D:\Programación\Scala\hello-world\src\main\scala\Main.scala
2022.07.03 15:45:50 WARN  no build target for: D:\Programación\Scala\hello-world\src\main\scala\Main.scala
jul. 03, 2022 3:46:08 P. M. org.eclipse.lsp4j.jsonrpc.RemoteEndpoint handleCancellation
WARNING: Unmatched cancel notification for request id 2819
jul. 03, 2022 3:46:09 P. M. org.eclipse.lsp4j.jsonrpc.RemoteEndpoint handleCancellation
WARNING: Unmatched cancel notification for request id 2827
2022.07.03 15:46:10 WARN  no build target for: D:\Programación\Scala\hello-world\src\main\scala\Main.scala
2022.07.03 15:46:13 WARN  no build target for: D:\Programación\Scala\hello-world\src\main\scala\Main.scala
2022.07.03 15:46:16 WARN  no build target for: D:\Programación\Scala\hello-world\src\main\scala\Main.scala
2022.07.03 15:46:18 WARN  no build target for: D:\Programación\Scala\hello-world\src\main\scala\Main.scala
2022.07.03 15:46:20 WARN  no build target for: D:\Programación\Scala\hello-world\src\main\scala\Main.scala
2022.07.03 15:46:21 WARN  no build target for: D:\Programación\Scala\hello-world\src\main\scala\Main.scala
2022.07.03 15:46:22 WARN  no build target for: D:\Programación\Scala\hello-world\src\main\scala\Main.scala
2022.07.03 15:46:28 WARN  no build target for: D:\Programación\Scala\hello-world\src\main\scala\Main.scala
2022.07.03 15:48:55 WARN  no build target for: D:\Programación\Scala\hello-world\src\main\scala\Main.scala
2022.07.03 15:48:59 WARN  no build target for: D:\Programación\Scala\hello-world\src\main\scala\Main.scala
2022.07.03 15:49:21 WARN  no build target for: D:\Programación\Scala\hello-world\src\main\scala\Main.scala
2022.07.03 15:49:29 WARN  no build target for: D:\Programación\Scala\hello-world\src\main\scala\Main.scala
2022.07.03 15:49:31 WARN  no build target for: D:\Programación\Scala\hello-world\src\main\scala\Main.scala
2022.07.03 15:49:40 WARN  no build target for: D:\Programación\Scala\hello-world\src\main\scala\Main.scala
2022.07.03 15:49:43 WARN  no build target for: D:\Programación\Scala\hello-world\src\main\scala\Main.scala
2022.07.03 15:49:45 WARN  no build target for: D:\Programación\Scala\hello-world\src\main\scala\Main.scala
2022.07.03 15:49:46 WARN  no build target for: D:\Programación\Scala\hello-world\src\main\scala\Main.scala
2022.07.03 15:49:55 WARN  no build target for: D:\Programación\Scala\hello-world\src\main\scala\Main.scala
2022.07.03 15:50:03 WARN  no build target for: D:\Programación\Scala\hello-world\src\main\scala\Main.scala
2022.07.03 15:50:18 WARN  no build target for: D:\Programación\Scala\hello-world\src\main\scala\Main.scala
2022.07.03 15:50:42 WARN  no build target for: D:\Programación\Scala\hello-world\src\main\scala\Main.scala
2022.07.03 15:50:48 WARN  no build target for: D:\Programación\Scala\hello-world\src\main\scala\Main.scala
2022.07.03 15:50:54 WARN  no build target for: D:\Programación\Scala\hello-world\src\main\scala\Main.scala
2022.07.03 15:52:13 WARN  no build target for: D:\Programación\Scala\hello-world\src\main\scala\Main.scala
2022.07.03 15:52:18 WARN  no build target for: D:\Programación\Scala\hello-world\src\main\scala\Main.scala
2022.07.03 15:52:28 WARN  no build target for: D:\Programación\Scala\hello-world\src\main\scala\Main.scala
2022.07.03 15:52:30 WARN  no build target for: D:\Programación\Scala\hello-world\src\main\scala\Main.scala
2022.07.03 15:52:34 WARN  no build target for: D:\Programación\Scala\hello-world\src\main\scala\Main.scala
2022.07.03 15:52:37 WARN  no build target for: D:\Programación\Scala\hello-world\src\main\scala\Main.scala
2022.07.03 15:52:38 WARN  no build target for: D:\Programación\Scala\hello-world\src\main\scala\Main.scala
2022.07.03 15:53:19 WARN  no build target for: D:\Programación\Scala\hello-world\src\main\scala\Main.scala
jul. 03, 2022 3:53:21 P. M. org.eclipse.lsp4j.jsonrpc.RemoteEndpoint handleCancellation
WARNING: Unmatched cancel notification for request id 3351
2022.07.03 15:53:23 WARN  no build target for: D:\Programación\Scala\hello-world\src\main\scala\Main.scala
2022.07.03 15:53:26 WARN  no build target for: D:\Programación\Scala\hello-world\src\main\scala\Main.scala
2022.07.03 15:53:37 WARN  no build target for: D:\Programación\Scala\hello-world\src\main\scala\Main.scala
2022.07.03 15:53:41 WARN  no build target for: D:\Programación\Scala\hello-world\src\main\scala\Main.scala
2022.07.03 15:53:46 WARN  no build target for: D:\Programación\Scala\hello-world\src\main\scala\Main.scala
2022.07.03 15:53:48 WARN  no build target for: D:\Programación\Scala\hello-world\src\main\scala\Main.scala
2022.07.03 15:53:53 WARN  no build target for: D:\Programación\Scala\hello-world\src\main\scala\Main.scala
2022.07.03 15:53:54 WARN  no build target for: D:\Programación\Scala\hello-world\src\main\scala\Main.scala
2022.07.03 15:53:58 WARN  no build target for: D:\Programación\Scala\hello-world\src\main\scala\Main.scala
2022.07.03 15:54:17 WARN  no build target for: D:\Programación\Scala\hello-world\src\main\scala\Main.scala
2022.07.03 15:56:25 WARN  no build target for: D:\Programación\Scala\hello-world\src\main\scala\Main.scala
2022.07.03 15:56:27 WARN  no build target for: D:\Programación\Scala\hello-world\src\main\scala\Main.scala
2022.07.03 15:56:34 WARN  no build target for: D:\Programación\Scala\hello-world\src\main\scala\Main.scala
2022.07.03 15:56:35 WARN  no build target for: D:\Programación\Scala\hello-world\src\main\scala\Main.scala
2022.07.03 15:56:38 WARN  no build target for: D:\Programación\Scala\hello-world\src\main\scala\Main.scala
2022.07.03 15:56:41 WARN  no build target for: D:\Programación\Scala\hello-world\src\main\scala\Main.scala
2022.07.03 15:56:49 WARN  no build target for: D:\Programación\Scala\hello-world\src\main\scala\Main.scala
2022.07.03 15:56:51 WARN  no build target for: D:\Programación\Scala\hello-world\src\main\scala\Main.scala
2022.07.03 15:56:57 WARN  no build target for: D:\Programación\Scala\hello-world\src\main\scala\Main.scala
2022.07.03 15:57:19 WARN  no build target for: D:\Programación\Scala\hello-world\src\main\scala\Main.scala
2022.07.03 15:58:08 WARN  no build target for: D:\Programación\Scala\hello-world\src\main\scala\Main.scala
2022.07.03 15:58:11 WARN  no build target for: D:\Programación\Scala\hello-world\src\main\scala\Main.scala
2022.07.03 15:58:15 WARN  no build target for: D:\Programación\Scala\hello-world\src\main\scala\Main.scala
2022.07.03 15:58:19 WARN  no build target for: D:\Programación\Scala\hello-world\src\main\scala\Main.scala
2022.07.03 15:58:22 WARN  no build target for: D:\Programación\Scala\hello-world\src\main\scala\Main.scala
2022.07.03 15:58:55 WARN  no build target for: D:\Programación\Scala\hello-world\src\main\scala\Main.scala
2022.07.03 15:59:05 WARN  no build target for: D:\Programación\Scala\hello-world\src\main\scala\Main.scala
2022.07.03 15:59:08 WARN  no build target for: D:\Programación\Scala\hello-world\src\main\scala\Main.scala
2022.07.03 15:59:09 WARN  no build target for: D:\Programación\Scala\hello-world\src\main\scala\Main.scala
2022.07.03 15:59:13 WARN  no build target for: D:\Programación\Scala\hello-world\src\main\scala\Main.scala
2022.07.03 15:59:14 WARN  no build target for: D:\Programación\Scala\hello-world\src\main\scala\Main.scala
2022.07.03 15:59:19 WARN  no build target for: D:\Programación\Scala\hello-world\src\main\scala\Main.scala
2022.07.03 15:59:20 WARN  no build target for: D:\Programación\Scala\hello-world\src\main\scala\Main.scala
2022.07.03 15:59:22 WARN  no build target for: D:\Programación\Scala\hello-world\src\main\scala\Main.scala
2022.07.03 15:59:29 WARN  no build target for: D:\Programación\Scala\hello-world\src\main\scala\Main.scala
2022.07.03 16:00:11 WARN  no build target for: D:\Programación\Scala\hello-world\src\main\scala\Main.scala
2022.07.03 16:00:14 WARN  no build target for: D:\Programación\Scala\hello-world\src\main\scala\Main.scala
2022.07.03 16:00:45 WARN  no build target for: D:\Programación\Scala\hello-world\src\main\scala\Main.scala
2022.07.03 16:00:46 WARN  no build target for: D:\Programación\Scala\hello-world\src\main\scala\Main.scala
2022.07.03 16:01:06 WARN  no build target for: D:\Programación\Scala\hello-world\src\main\scala\Main.scala
2022.07.03 16:01:12 WARN  no build target for: D:\Programación\Scala\hello-world\src\main\scala\Main.scala
2022.07.03 16:01:50 INFO  shutting down Metals
2022.07.03 16:02:23 INFO  tracing is disabled for protocol LSP, to enable tracing of incoming and outgoing JSON messages create an empty file at d:\Programación\Scala\hello-world\.metals\lsp.trace.json or C:\Users\fabia\AppData\Local\scalameta\metals\cache\lsp.trace.json
2022.07.03 16:02:24 INFO  logging to file D:\Programación\Scala\hello-world\.metals\metals.log
2022.07.03 16:02:24 INFO  Started: Metals version 0.11.6+162-a9ee0ee8-SNAPSHOT in workspace 'D:\Programación\Scala\hello-world' for client Visual Studio Code 1.68.1.
2022.07.03 16:02:26 INFO  time: initialize in 2.23s
2022.07.03 16:02:26 WARN  Flyway upgrade recommended: H2 2.1.214 is newer than this version of Flyway and support has not been tested. The latest supported version of H2 is 2.1.210.
2022.07.03 16:02:26 WARN  Build server is not auto-connectable.
2022.07.03 16:02:27 INFO  skipping build import with status 'Requested'
2022.07.03 16:02:31 WARN  no build target for: D:\Programación\Scala\hello-world\src\main\scala\Main.scala
2022.07.03 16:02:36 INFO  no build target found for D:\Programación\Scala\hello-world\src\main\scala\Main.scala. Using presentation compiler with project's scala-library version: 3.1.3
jul. 03, 2022 4:02:37 P. M. org.eclipse.lsp4j.jsonrpc.RemoteEndpoint handleCancellation
WARNING: Unmatched cancel notification for request id 2
2022.07.03 16:02:39 INFO  time: code lens generation in 2.71s
2022.07.03 16:02:39 INFO  time: code lens generation in 2.71s
2022.07.03 16:04:00 WARN  no build target for: D:\Programación\Scala\hello-world\src\main\scala\Main.scala
2022.07.03 16:04:02 WARN  no build target for: D:\Programación\Scala\hello-world\src\main\scala\Main.scala
2022.07.03 16:04:04 WARN  no build target for: D:\Programación\Scala\hello-world\src\main\scala\Main.scala
2022.07.03 16:04:07 WARN  no build target for: D:\Programación\Scala\hello-world\src\main\scala\Main.scala
2022.07.03 16:04:10 WARN  no build target for: D:\Programación\Scala\hello-world\src\main\scala\Main.scala
2022.07.03 16:04:39 WARN  no build target for: D:\Programación\Scala\hello-world\src\main\scala\Main.scala
2022.07.03 16:04:41 WARN  no build target for: D:\Programación\Scala\hello-world\src\main\scala\Main.scala
2022.07.03 16:04:44 WARN  no build target for: D:\Programación\Scala\hello-world\src\main\scala\Main.scala
2022.07.03 16:04:47 WARN  no build target for: D:\Programación\Scala\hello-world\src\main\scala\Main.scala
jul. 03, 2022 4:04:56 P. M. scala.meta.internal.pc.CompilerAccess handleError
SEVERE: NoDenotation.owner
java.lang.AssertionError: NoDenotation.owner
	at dotty.tools.dotc.core.SymDenotations$NoDenotation$.owner(SymDenotations.scala:2495)
	at scala.meta.internal.pc.SignatureHelpProvider$.isValid(SignatureHelpProvider.scala:88)
	at scala.meta.internal.pc.SignatureHelpProvider$.notCurrentApply(SignatureHelpProvider.scala:101)
	at scala.meta.internal.pc.SignatureHelpProvider$.$anonfun$1(SignatureHelpProvider.scala:49)
	at scala.collection.StrictOptimizedLinearSeqOps.loop$3(LinearSeq.scala:266)
	at scala.collection.StrictOptimizedLinearSeqOps.dropWhile(LinearSeq.scala:268)
	at scala.collection.StrictOptimizedLinearSeqOps.dropWhile$(LinearSeq.scala:264)
	at scala.collection.immutable.List.dropWhile(List.scala:79)
	at scala.meta.internal.pc.SignatureHelpProvider$.signatureHelp(SignatureHelpProvider.scala:49)

2022.07.03 16:04:57 WARN  no build target for: D:\Programación\Scala\hello-world\src\main\scala\Main.scala
2022.07.03 16:04:59 WARN  no build target for: D:\Programación\Scala\hello-world\src\main\scala\Main.scala
jul. 03, 2022 4:05:00 P. M. org.eclipse.lsp4j.jsonrpc.RemoteEndpoint handleCancellation
WARNING: Unmatched cancel notification for request id 96
2022.07.03 16:05:02 WARN  no build target for: D:\Programación\Scala\hello-world\src\main\scala\Main.scala
2022.07.03 16:05:04 WARN  no build target for: D:\Programación\Scala\hello-world\src\main\scala\Main.scala
2022.07.03 16:05:13 WARN  no build target for: D:\Programación\Scala\hello-world\src\main\scala\Main.scala
2022.07.03 16:05:25 WARN  no build target for: D:\Programación\Scala\hello-world\src\main\scala\Main.scala
2022.07.03 16:05:32 WARN  no build target for: D:\Programación\Scala\hello-world\src\main\scala\Main.scala
2022.07.03 16:05:32 WARN  no build target for: D:\Programación\Scala\hello-world\src\main\scala\Main.scala
Exception in thread "pool-3-thread-1" java.lang.InterruptedException
	at scala.meta.internal.metals.FutureCancelToken.checkCanceled(FutureCancelToken.scala:29)
	at scala.meta.internal.pc.CompilerAccess.onCompilerJobQueue$$anonfun$1(CompilerAccess.scala:196)
	at scala.meta.internal.pc.CompilerJobQueue$Job.run(CompilerJobQueue.scala:152)
	at java.base/java.util.concurrent.ThreadPoolExecutor.runWorker(ThreadPoolExecutor.java:1136)
	at java.base/java.util.concurrent.ThreadPoolExecutor$Worker.run(ThreadPoolExecutor.java:635)
	at java.base/java.lang.Thread.run(Thread.java:833)
Exception in thread "pool-3-thread-2" java.lang.InterruptedException
	at scala.meta.internal.metals.FutureCancelToken.checkCanceled(FutureCancelToken.scala:29)
	at scala.meta.internal.pc.CompilerAccess.onCompilerJobQueue$$anonfun$1(CompilerAccess.scala:196)
	at scala.meta.internal.pc.CompilerJobQueue$Job.run(CompilerJobQueue.scala:152)
	at java.base/java.util.concurrent.ThreadPoolExecutor.runWorker(ThreadPoolExecutor.java:1136)
	at java.base/java.util.concurrent.ThreadPoolExecutor$Worker.run(ThreadPoolExecutor.java:635)
	at java.base/java.lang.Thread.run(Thread.java:833)
Exception in thread "pool-3-thread-3" java.lang.InterruptedException
	at scala.meta.internal.metals.FutureCancelToken.checkCanceled(FutureCancelToken.scala:29)
	at scala.meta.internal.pc.CompilerAccess.onCompilerJobQueue$$anonfun$1(CompilerAccess.scala:196)
	at scala.meta.internal.pc.CompilerJobQueue$Job.run(CompilerJobQueue.scala:152)
	at java.base/java.util.concurrent.ThreadPoolExecutor.runWorker(ThreadPoolExecutor.java:1136)
	at java.base/java.util.concurrent.ThreadPoolExecutor$Worker.run(ThreadPoolExecutor.java:635)
	at java.base/java.lang.Thread.run(Thread.java:833)
2022.07.03 16:05:34 WARN  no build target for: D:\Programación\Scala\hello-world\src\main\scala\Main.scala
2022.07.03 16:05:46 WARN  no build target for: D:\Programación\Scala\hello-world\src\main\scala\Main.scala
2022.07.03 16:05:49 WARN  no build target for: D:\Programación\Scala\hello-world\src\main\scala\Main.scala
2022.07.03 16:06:26 WARN  no build target for: D:\Programación\Scala\hello-world\src\main\scala\Main.scala
2022.07.03 16:06:30 WARN  no build target for: D:\Programación\Scala\hello-world\src\main\scala\Main.scala
2022.07.03 16:06:32 WARN  no build target for: D:\Programación\Scala\hello-world\src\main\scala\Main.scala
2022.07.03 16:06:34 WARN  no build target for: D:\Programación\Scala\hello-world\src\main\scala\Main.scala
2022.07.03 16:06:37 WARN  no build target for: D:\Programación\Scala\hello-world\src\main\scala\Main.scala
2022.07.03 16:06:40 WARN  no build target for: D:\Programación\Scala\hello-world\src\main\scala\Main.scala
2022.07.03 16:06:44 WARN  no build target for: D:\Programación\Scala\hello-world\src\main\scala\Main.scala
2022.07.03 16:06:51 WARN  no build target for: D:\Programación\Scala\hello-world\src\main\scala\Main.scala
2022.07.03 16:06:57 WARN  no build target for: D:\Programación\Scala\hello-world\src\main\scala\Main.scala
2022.07.03 16:07:06 WARN  no build target for: D:\Programación\Scala\hello-world\src\main\scala\Main.scala
2022.07.03 16:07:13 WARN  no build target for: D:\Programación\Scala\hello-world\src\main\scala\Main.scala
2022.07.03 16:07:14 WARN  no build target for: D:\Programación\Scala\hello-world\src\main\scala\Main.scala
2022.07.03 16:07:20 WARN  no build target for: D:\Programación\Scala\hello-world\src\main\scala\Main.scala
2022.07.03 16:07:25 WARN  no build target for: D:\Programación\Scala\hello-world\src\main\scala\Main.scala
2022.07.03 16:07:28 WARN  no build target for: D:\Programación\Scala\hello-world\src\main\scala\Main.scala
2022.07.03 16:07:33 WARN  no build target for: D:\Programación\Scala\hello-world\src\main\scala\Main.scala
2022.07.03 16:07:35 WARN  no build target for: D:\Programación\Scala\hello-world\src\main\scala\Main.scala
2022.07.03 16:07:38 WARN  no build target for: D:\Programación\Scala\hello-world\src\main\scala\Main.scala
2022.07.03 16:07:41 WARN  no build target for: D:\Programación\Scala\hello-world\src\main\scala\Main.scala
2022.07.03 16:07:51 WARN  no build target for: D:\Programación\Scala\hello-world\src\main\scala\Main.scala
2022.07.03 16:07:57 WARN  no build target for: D:\Programación\Scala\hello-world\src\main\scala\Main.scala
2022.07.03 16:07:58 WARN  no build target for: D:\Programación\Scala\hello-world\src\main\scala\Main.scala
2022.07.03 16:08:01 WARN  no build target for: D:\Programación\Scala\hello-world\src\main\scala\Main.scala
2022.07.03 16:08:05 WARN  no build target for: D:\Programación\Scala\hello-world\src\main\scala\Main.scala
2022.07.03 16:08:06 WARN  no build target for: D:\Programación\Scala\hello-world\src\main\scala\Main.scala
2022.07.03 16:08:09 WARN  no build target for: D:\Programación\Scala\hello-world\src\main\scala\Main.scala
2022.07.03 16:08:34 WARN  no build target for: D:\Programación\Scala\hello-world\src\main\scala\Main.scala
2022.07.03 16:08:46 WARN  no build target for: D:\Programación\Scala\hello-world\src\main\scala\Main.scala
2022.07.03 16:09:00 INFO  shutting down Metals
